<?xml version="1.0" encoding="UTF-8"?>
<testng-results ignored="0" total="1" passed="1" failed="0" skipped="0">
  <reporter-output>
  </reporter-output>
  <suite started-at="2021-05-26T12:51:44 IST" name="Testng Test Automation Suite" finished-at="2021-05-26T12:51:48 IST" duration-ms="4311">
    <groups>
    </groups>
    <test started-at="2021-05-26T12:51:44 IST" name="different feature Test" finished-at="2021-05-26T12:51:48 IST" duration-ms="4311">
      <class name="com.parameters.ParameterTest">
        <test-method signature="yahooLoginTest(java.lang.String,java.lang.String)[pri:0, instance:com.parameters.ParameterTest@6fa51cd4]" started-at="2021-05-26T12:51:44 IST" name="yahooLoginTest" finished-at="2021-05-26T12:51:48 IST" duration-ms="4261" status="PASS">
          <params>
            <param index="0">
              <value>
                <![CDATA[https://login.yahoo.com/]]>
              </value>
            </param>
            <param index="1">
              <value>
                <![CDATA[ritutest@gmail.com]]>
              </value>
            </param>
          </params>
          <reporter-output>
          </reporter-output>
        </test-method> <!-- yahooLoginTest -->
      </class> <!-- com.parameters.ParameterTest -->
    </test> <!-- different feature Test -->
  </suite> <!-- Testng Test Automation Suite -->
</testng-results>
